#-----------------------------------------------------------
# Vivado v2020.2 (64-bit)
# SW Build 3064766 on Wed Nov 18 09:12:45 MST 2020
# IP Build 3064653 on Wed Nov 18 14:17:31 MST 2020
# Start of session at: Mon Apr 10 21:58:56 2023
# Process ID: 13156
# Current directory: C:/Users/Administrator/git/de1-project/UART/UART
# Command line: vivado.exe -gui_launcher_event rodinguilauncherevent23720 C:\Users\Administrator\git\de1-project\UART\UART\UART.xpr
# Log file: C:/Users/Administrator/git/de1-project/UART/UART/vivado.log
# Journal file: C:/Users/Administrator/git/de1-project/UART/UART\vivado.jou
#-----------------------------------------------------------
start_gui
open_project C:/Users/Administrator/git/de1-project/UART/UART/UART.xpr
INFO: [Project 1-313] Project file moved from 'C:/Users/239122/Desktop/de1-project/UART/UART' since last save.
WARNING: [filemgmt 56-2] Default IP Output Path : Could not find the directory 'C:/Users/Administrator/git/de1-project/UART/UART/UART.gen/sources_1', nor could it be found using path 'C:/Users/239122/Desktop/de1-project/UART/UART/UART.gen/sources_1'.
Scanning sources...
Finished scanning sources
CRITICAL WARNING: [Board 49-67] The board_part definition was not found for digilentinc.com:nexys-a7-50t:part0:1.2. This can happen sometimes when you use custom board part. You can resolve this issue by setting 'board.repoPaths' parameter, pointing to the location of custom board files. Valid board_part values can be retrieved with the 'get_board_parts' Tcl command.
INFO: [IP_Flow 19-234] Refreshing IP repositories
INFO: [IP_Flow 19-1704] No user IP repositories specified
INFO: [IP_Flow 19-2313] Loaded Vivado IP repository 'C:/Xilinx/Vivado/2020.2/data/ip'.
update_compile_order -fileset sources_1
launch_simulation
Command: launch_simulation 
INFO: [Vivado 12-5682] Launching behavioral simulation in 'C:/Users/Administrator/git/de1-project/UART/UART/UART.sim/sim_1/behav/xsim'
INFO: [SIM-utils-51] Simulation object is 'sim_1'
INFO: [SIM-utils-54] Inspecting design source files for 'tb_serialiser' in fileset 'sim_1'...
INFO: [USF-XSim-97] Finding global include files...
INFO: [USF-XSim-98] Fetching design files from 'sim_1'...
INFO: [USF-XSim-2] XSim::Compile design
INFO: [USF-XSim-61] Executing 'COMPILE and ANALYZE' step in 'C:/Users/Administrator/git/de1-project/UART/UART/UART.sim/sim_1/behav/xsim'
"xvhdl --incr --relax -prj tb_serialiser_vhdl.prj"
INFO: [VRFC 10-163] Analyzing VHDL file "C:/Users/Administrator/git/de1-project/UART/UART/UART.srcs/sources_1/new/cnt_up_down.vhd" into library xil_defaultlib
INFO: [VRFC 10-3107] analyzing entity 'cnt_up_down'
INFO: [VRFC 10-163] Analyzing VHDL file "C:/Users/Administrator/git/de1-project/UART/UART/UART.srcs/sources_1/new/serialiser.vhd" into library xil_defaultlib
INFO: [VRFC 10-3107] analyzing entity 'serialiser'
INFO: [VRFC 10-163] Analyzing VHDL file "C:/Users/Administrator/git/de1-project/UART/UART/UART.srcs/sim_1/new/tb_serialiser.vhd" into library xil_defaultlib
INFO: [VRFC 10-3107] analyzing entity 'tb_serialiser'
INFO: [USF-XSim-69] 'compile' step finished in '2' seconds
INFO: [USF-XSim-3] XSim::Elaborate design
INFO: [USF-XSim-61] Executing 'ELABORATE' step in 'C:/Users/Administrator/git/de1-project/UART/UART/UART.sim/sim_1/behav/xsim'
"xelab -wto da1b61fb28934d83b209aa1767bcf3d2 --incr --debug typical --relax --mt 2 -L xil_defaultlib -L secureip --snapshot tb_serialiser_behav xil_defaultlib.tb_serialiser -log elaborate.log"
Vivado Simulator 2020.2
Copyright 1986-1999, 2001-2020 Xilinx, Inc. All Rights Reserved.
Running: C:/Xilinx/Vivado/2020.2/bin/unwrapped/win64.o/xelab.exe -wto da1b61fb28934d83b209aa1767bcf3d2 --incr --debug typical --relax --mt 2 -L xil_defaultlib -L secureip --snapshot tb_serialiser_behav xil_defaultlib.tb_serialiser -log elaborate.log 
Using 2 slave threads.
Starting static elaboration
ERROR: [VRFC 10-3311] expression has 3 elements ; formal 'cnt' expects 8 [C:/Users/Administrator/git/de1-project/UART/UART/UART.srcs/sim_1/new/tb_serialiser.vhd:31]
ERROR: [XSIM 43-3321] Static elaboration of top level VHDL design unit tb_serialiser in library work failed.
INFO: [USF-XSim-69] 'elaborate' step finished in '1' seconds
INFO: [USF-XSim-99] Step results log file:'C:/Users/Administrator/git/de1-project/UART/UART/UART.sim/sim_1/behav/xsim/elaborate.log'
ERROR: [USF-XSim-62] 'elaborate' step failed with error(s). Please check the Tcl console output or 'C:/Users/Administrator/git/de1-project/UART/UART/UART.sim/sim_1/behav/xsim/elaborate.log' file for more information.
ERROR: [Vivado 12-4473] Detected error while running simulation. Please correct the issue and retry this operation.
ERROR: [Common 17-39] 'launch_simulation' failed due to earlier errors.
launch_simulation
Command: launch_simulation 
INFO: [Vivado 12-5682] Launching behavioral simulation in 'C:/Users/Administrator/git/de1-project/UART/UART/UART.sim/sim_1/behav/xsim'
INFO: [SIM-utils-51] Simulation object is 'sim_1'
INFO: [SIM-utils-54] Inspecting design source files for 'tb_serialiser' in fileset 'sim_1'...
INFO: [USF-XSim-97] Finding global include files...
INFO: [USF-XSim-98] Fetching design files from 'sim_1'...
INFO: [USF-XSim-2] XSim::Compile design
INFO: [USF-XSim-61] Executing 'COMPILE and ANALYZE' step in 'C:/Users/Administrator/git/de1-project/UART/UART/UART.sim/sim_1/behav/xsim'
"xvhdl --incr --relax -prj tb_serialiser_vhdl.prj"
INFO: [VRFC 10-163] Analyzing VHDL file "C:/Users/Administrator/git/de1-project/UART/UART/UART.srcs/sources_1/new/serialiser.vhd" into library xil_defaultlib
INFO: [VRFC 10-3107] analyzing entity 'serialiser'
INFO: [VRFC 10-163] Analyzing VHDL file "C:/Users/Administrator/git/de1-project/UART/UART/UART.srcs/sim_1/new/tb_serialiser.vhd" into library xil_defaultlib
INFO: [VRFC 10-3107] analyzing entity 'tb_serialiser'
INFO: [USF-XSim-69] 'compile' step finished in '2' seconds
INFO: [USF-XSim-3] XSim::Elaborate design
INFO: [USF-XSim-61] Executing 'ELABORATE' step in 'C:/Users/Administrator/git/de1-project/UART/UART/UART.sim/sim_1/behav/xsim'
"xelab -wto da1b61fb28934d83b209aa1767bcf3d2 --incr --debug typical --relax --mt 2 -L xil_defaultlib -L secureip --snapshot tb_serialiser_behav xil_defaultlib.tb_serialiser -log elaborate.log"
Vivado Simulator 2020.2
Copyright 1986-1999, 2001-2020 Xilinx, Inc. All Rights Reserved.
Running: C:/Xilinx/Vivado/2020.2/bin/unwrapped/win64.o/xelab.exe -wto da1b61fb28934d83b209aa1767bcf3d2 --incr --debug typical --relax --mt 2 -L xil_defaultlib -L secureip --snapshot tb_serialiser_behav xil_defaultlib.tb_serialiser -log elaborate.log 
Using 2 slave threads.
Starting static elaboration
Completed static elaboration
Starting simulation data flow analysis
Completed simulation data flow analysis
Time Resolution for simulation is 1ps
Compiling package std.standard
Compiling package std.textio
Compiling package ieee.std_logic_1164
Compiling package ieee.numeric_std
Compiling architecture behavioral of entity xil_defaultlib.serialiser [serialiser_default]
Compiling architecture behavioral of entity xil_defaultlib.cnt_up_down [\cnt_up_down(g_cnt_width=3)\]
Compiling architecture behavioral of entity xil_defaultlib.tb_serialiser
Built simulation snapshot tb_serialiser_behav

****** Webtalk v2020.2 (64-bit)
  **** SW Build 3064766 on Wed Nov 18 09:12:45 MST 2020
  **** IP Build 3064653 on Wed Nov 18 14:17:31 MST 2020
    ** Copyright 1986-2020 Xilinx, Inc. All Rights Reserved.

source C:/Users/Administrator/git/de1-project/UART/UART/UART.sim/sim_1/behav/xsim/xsim.dir/tb_serialiser_behav/webtalk/xsim_webtalk.tcl -notrace
INFO: [Common 17-186] 'C:/Users/Administrator/git/de1-project/UART/UART/UART.sim/sim_1/behav/xsim/xsim.dir/tb_serialiser_behav/webtalk/usage_statistics_ext_xsim.xml' has been successfully sent to Xilinx on Mon Apr 10 22:25:36 2023. For additional details about this file, please refer to the WebTalk help file at C:/Xilinx/Vivado/2020.2/doc/webtalk_introduction.html.
INFO: [Common 17-206] Exiting Webtalk at Mon Apr 10 22:25:36 2023...
run_program: Time (s): cpu = 00:00:00 ; elapsed = 00:00:07 . Memory (MB): peak = 999.609 ; gain = 0.000
INFO: [USF-XSim-69] 'elaborate' step finished in '6' seconds
INFO: [USF-XSim-4] XSim::Simulate design
INFO: [USF-XSim-61] Executing 'SIMULATE' step in 'C:/Users/Administrator/git/de1-project/UART/UART/UART.sim/sim_1/behav/xsim'
INFO: [USF-XSim-98] *** Running xsim
   with args "tb_serialiser_behav -key {Behavioral:sim_1:Functional:tb_serialiser} -tclbatch {tb_serialiser.tcl} -log {simulate.log}"
INFO: [USF-XSim-8] Loading simulator feature
Vivado Simulator 2020.2
Time resolution is 1 ps
source tb_serialiser.tcl
# set curr_wave [current_wave_config]
# if { [string length $curr_wave] == 0 } {
#   if { [llength [get_objects]] > 0} {
#     add_wave /
#     set_property needs_save false [current_wave_config]
#   } else {
#      send_msg_id Add_Wave-1 WARNING "No top level signals found. Simulator will start without a wave window. If you want to open a wave window go to 'File->New Waveform Configuration' or type 'create_wave_config' in the TCL console."
#   }
# }
# run 800ns
Note: Stimulus process started
Time: 0 ps  Iteration: 0  Process: /tb_serialiser/p_stimulus  File: C:/Users/Administrator/git/de1-project/UART/UART/UART.srcs/sim_1/new/tb_serialiser.vhd
Note: Stimulus process finished
Time: 0 ps  Iteration: 0  Process: /tb_serialiser/p_stimulus  File: C:/Users/Administrator/git/de1-project/UART/UART/UART.srcs/sim_1/new/tb_serialiser.vhd
INFO: [USF-XSim-96] XSim completed. Design snapshot 'tb_serialiser_behav' loaded.
INFO: [USF-XSim-97] XSim simulation ran for 800ns
launch_simulation: Time (s): cpu = 00:00:04 ; elapsed = 00:00:11 . Memory (MB): peak = 999.609 ; gain = 0.000
close_sim
INFO: [Simtcl 6-16] Simulation closed
close_sim: Time (s): cpu = 00:00:01 ; elapsed = 00:00:06 . Memory (MB): peak = 999.609 ; gain = 0.000
launch_simulation
Command: launch_simulation 
INFO: [Vivado 12-5682] Launching behavioral simulation in 'C:/Users/Administrator/git/de1-project/UART/UART/UART.sim/sim_1/behav/xsim'
INFO: [SIM-utils-51] Simulation object is 'sim_1'
INFO: [SIM-utils-54] Inspecting design source files for 'tb_serialiser' in fileset 'sim_1'...
INFO: [USF-XSim-97] Finding global include files...
INFO: [USF-XSim-98] Fetching design files from 'sim_1'...
INFO: [USF-XSim-2] XSim::Compile design
INFO: [USF-XSim-61] Executing 'COMPILE and ANALYZE' step in 'C:/Users/Administrator/git/de1-project/UART/UART/UART.sim/sim_1/behav/xsim'
"xvhdl --incr --relax -prj tb_serialiser_vhdl.prj"
INFO: [VRFC 10-163] Analyzing VHDL file "C:/Users/Administrator/git/de1-project/UART/UART/UART.srcs/sim_1/new/tb_serialiser.vhd" into library xil_defaultlib
INFO: [VRFC 10-3107] analyzing entity 'tb_serialiser'
INFO: [USF-XSim-69] 'compile' step finished in '1' seconds
INFO: [USF-XSim-3] XSim::Elaborate design
INFO: [USF-XSim-61] Executing 'ELABORATE' step in 'C:/Users/Administrator/git/de1-project/UART/UART/UART.sim/sim_1/behav/xsim'
"xelab -wto da1b61fb28934d83b209aa1767bcf3d2 --incr --debug typical --relax --mt 2 -L xil_defaultlib -L secureip --snapshot tb_serialiser_behav xil_defaultlib.tb_serialiser -log elaborate.log"
Vivado Simulator 2020.2
Copyright 1986-1999, 2001-2020 Xilinx, Inc. All Rights Reserved.
Running: C:/Xilinx/Vivado/2020.2/bin/unwrapped/win64.o/xelab.exe -wto da1b61fb28934d83b209aa1767bcf3d2 --incr --debug typical --relax --mt 2 -L xil_defaultlib -L secureip --snapshot tb_serialiser_behav xil_defaultlib.tb_serialiser -log elaborate.log 
Using 2 slave threads.
Starting static elaboration
Completed static elaboration
Starting simulation data flow analysis
Completed simulation data flow analysis
Time Resolution for simulation is 1ps
Compiling package std.standard
Compiling package std.textio
Compiling package ieee.std_logic_1164
Compiling package ieee.numeric_std
Compiling architecture behavioral of entity xil_defaultlib.serialiser [serialiser_default]
Compiling architecture behavioral of entity xil_defaultlib.cnt_up_down [\cnt_up_down(g_cnt_width=3)\]
Compiling architecture behavioral of entity xil_defaultlib.tb_serialiser
Built simulation snapshot tb_serialiser_behav
INFO: [USF-XSim-69] 'elaborate' step finished in '2' seconds
INFO: [USF-XSim-4] XSim::Simulate design
INFO: [USF-XSim-61] Executing 'SIMULATE' step in 'C:/Users/Administrator/git/de1-project/UART/UART/UART.sim/sim_1/behav/xsim'
INFO: [USF-XSim-98] *** Running xsim
   with args "tb_serialiser_behav -key {Behavioral:sim_1:Functional:tb_serialiser} -tclbatch {tb_serialiser.tcl} -log {simulate.log}"
INFO: [USF-XSim-8] Loading simulator feature
Vivado Simulator 2020.2
Time resolution is 1 ps
source tb_serialiser.tcl
# set curr_wave [current_wave_config]
# if { [string length $curr_wave] == 0 } {
#   if { [llength [get_objects]] > 0} {
#     add_wave /
#     set_property needs_save false [current_wave_config]
#   } else {
#      send_msg_id Add_Wave-1 WARNING "No top level signals found. Simulator will start without a wave window. If you want to open a wave window go to 'File->New Waveform Configuration' or type 'create_wave_config' in the TCL console."
#   }
# }
# run 800ns
Note: Stimulus process started
Time: 0 ps  Iteration: 0  Process: /tb_serialiser/p_stimulus  File: C:/Users/Administrator/git/de1-project/UART/UART/UART.srcs/sim_1/new/tb_serialiser.vhd
Note: Stimulus process finished
Time: 0 ps  Iteration: 0  Process: /tb_serialiser/p_stimulus  File: C:/Users/Administrator/git/de1-project/UART/UART/UART.srcs/sim_1/new/tb_serialiser.vhd
INFO: [USF-XSim-96] XSim completed. Design snapshot 'tb_serialiser_behav' loaded.
INFO: [USF-XSim-97] XSim simulation ran for 800ns
launch_simulation: Time (s): cpu = 00:00:04 ; elapsed = 00:00:06 . Memory (MB): peak = 999.609 ; gain = 0.000
close_sim
INFO: [Simtcl 6-16] Simulation closed
launch_simulation
Command: launch_simulation 
INFO: [Vivado 12-5682] Launching behavioral simulation in 'C:/Users/Administrator/git/de1-project/UART/UART/UART.sim/sim_1/behav/xsim'
INFO: [SIM-utils-51] Simulation object is 'sim_1'
INFO: [SIM-utils-54] Inspecting design source files for 'tb_serialiser' in fileset 'sim_1'...
INFO: [USF-XSim-97] Finding global include files...
INFO: [USF-XSim-98] Fetching design files from 'sim_1'...
INFO: [USF-XSim-2] XSim::Compile design
INFO: [USF-XSim-61] Executing 'COMPILE and ANALYZE' step in 'C:/Users/Administrator/git/de1-project/UART/UART/UART.sim/sim_1/behav/xsim'
"xvhdl --incr --relax -prj tb_serialiser_vhdl.prj"
INFO: [VRFC 10-163] Analyzing VHDL file "C:/Users/Administrator/git/de1-project/UART/UART/UART.srcs/sim_1/new/tb_serialiser.vhd" into library xil_defaultlib
INFO: [VRFC 10-3107] analyzing entity 'tb_serialiser'
INFO: [USF-XSim-69] 'compile' step finished in '1' seconds
INFO: [USF-XSim-3] XSim::Elaborate design
INFO: [USF-XSim-61] Executing 'ELABORATE' step in 'C:/Users/Administrator/git/de1-project/UART/UART/UART.sim/sim_1/behav/xsim'
"xelab -wto da1b61fb28934d83b209aa1767bcf3d2 --incr --debug typical --relax --mt 2 -L xil_defaultlib -L secureip --snapshot tb_serialiser_behav xil_defaultlib.tb_serialiser -log elaborate.log"
Vivado Simulator 2020.2
Copyright 1986-1999, 2001-2020 Xilinx, Inc. All Rights Reserved.
Running: C:/Xilinx/Vivado/2020.2/bin/unwrapped/win64.o/xelab.exe -wto da1b61fb28934d83b209aa1767bcf3d2 --incr --debug typical --relax --mt 2 -L xil_defaultlib -L secureip --snapshot tb_serialiser_behav xil_defaultlib.tb_serialiser -log elaborate.log 
Using 2 slave threads.
Starting static elaboration
Completed static elaboration
Starting simulation data flow analysis
Completed simulation data flow analysis
Time Resolution for simulation is 1ps
Compiling package std.standard
Compiling package std.textio
Compiling package ieee.std_logic_1164
Compiling package ieee.numeric_std
Compiling architecture behavioral of entity xil_defaultlib.serialiser [serialiser_default]
Compiling architecture behavioral of entity xil_defaultlib.cnt_up_down [\cnt_up_down(g_cnt_width=3)\]
Compiling architecture behavioral of entity xil_defaultlib.tb_serialiser
Built simulation snapshot tb_serialiser_behav
INFO: [USF-XSim-69] 'elaborate' step finished in '2' seconds
INFO: [USF-XSim-4] XSim::Simulate design
INFO: [USF-XSim-61] Executing 'SIMULATE' step in 'C:/Users/Administrator/git/de1-project/UART/UART/UART.sim/sim_1/behav/xsim'
INFO: [USF-XSim-98] *** Running xsim
   with args "tb_serialiser_behav -key {Behavioral:sim_1:Functional:tb_serialiser} -tclbatch {tb_serialiser.tcl} -log {simulate.log}"
INFO: [USF-XSim-8] Loading simulator feature
Vivado Simulator 2020.2
Time resolution is 1 ps
source tb_serialiser.tcl
# set curr_wave [current_wave_config]
# if { [string length $curr_wave] == 0 } {
#   if { [llength [get_objects]] > 0} {
#     add_wave /
#     set_property needs_save false [current_wave_config]
#   } else {
#      send_msg_id Add_Wave-1 WARNING "No top level signals found. Simulator will start without a wave window. If you want to open a wave window go to 'File->New Waveform Configuration' or type 'create_wave_config' in the TCL console."
#   }
# }
# run 800ns
Note: Stimulus process started
Time: 0 ps  Iteration: 0  Process: /tb_serialiser/p_stimulus  File: C:/Users/Administrator/git/de1-project/UART/UART/UART.srcs/sim_1/new/tb_serialiser.vhd
Note: Stimulus process finished
Time: 0 ps  Iteration: 0  Process: /tb_serialiser/p_stimulus  File: C:/Users/Administrator/git/de1-project/UART/UART/UART.srcs/sim_1/new/tb_serialiser.vhd
INFO: [USF-XSim-96] XSim completed. Design snapshot 'tb_serialiser_behav' loaded.
INFO: [USF-XSim-97] XSim simulation ran for 800ns
launch_simulation: Time (s): cpu = 00:00:04 ; elapsed = 00:00:05 . Memory (MB): peak = 999.609 ; gain = 0.000
set_property -name {xsim.simulate.runtime} -value {10ms} -objects [get_filesets sim_1]
WARNING: [filemgmt 56-199] Attempt to get parsing info during refresh. "On-the-fly" syntax checking information may be incorrect. [C:\Users\Administrator\git\de1-project\UART\UART\UART.srcs\sim_1\new\tb_serialiser.vhd:]
WARNING: [filemgmt 56-199] Attempt to get parsing info during refresh. "On-the-fly" syntax checking information may be incorrect. [C:\Users\Administrator\git\de1-project\UART\UART\UART.srcs\sources_1\new\top.vhd:]
WARNING: [filemgmt 56-199] Attempt to get parsing info during refresh. "On-the-fly" syntax checking information may be incorrect. [C:\Users\Administrator\git\de1-project\UART\UART\UART.srcs\sources_1\new\transmitter.vhd:]
WARNING: [filemgmt 56-199] Attempt to get parsing info during refresh. "On-the-fly" syntax checking information may be incorrect. [C:\Users\Administrator\git\de1-project\UART\UART\UART.srcs\sources_1\new\serialiser.vhd:]
WARNING: [filemgmt 56-199] Attempt to get parsing info during refresh. "On-the-fly" syntax checking information may be incorrect. [C:\Users\Administrator\git\de1-project\UART\UART\UART.srcs\sim_1\new\tb_serialiser.vhd:]
WARNING: [filemgmt 56-199] Attempt to get parsing info during refresh. "On-the-fly" syntax checking information may be incorrect. [C:\Users\Administrator\git\de1-project\UART\UART\UART.srcs\sources_1\new\top.vhd:]
WARNING: [filemgmt 56-199] Attempt to get parsing info during refresh. "On-the-fly" syntax checking information may be incorrect. [C:\Users\Administrator\git\de1-project\UART\UART\UART.srcs\sources_1\new\transmitter.vhd:]
WARNING: [filemgmt 56-199] Attempt to get parsing info during refresh. "On-the-fly" syntax checking information may be incorrect. [C:\Users\Administrator\git\de1-project\UART\UART\UART.srcs\sources_1\new\serialiser.vhd:]
WARNING: [filemgmt 56-199] Attempt to get parsing info during refresh. "On-the-fly" syntax checking information may be incorrect. [C:\Users\Administrator\git\de1-project\UART\UART\UART.srcs\sim_1\new\tb_serialiser.vhd:]
WARNING: [filemgmt 56-199] Attempt to get parsing info during refresh. "On-the-fly" syntax checking information may be incorrect. [C:\Users\Administrator\git\de1-project\UART\UART\UART.srcs\sources_1\new\top.vhd:]
WARNING: [filemgmt 56-199] Attempt to get parsing info during refresh. "On-the-fly" syntax checking information may be incorrect. [C:\Users\Administrator\git\de1-project\UART\UART\UART.srcs\sources_1\new\transmitter.vhd:]
WARNING: [filemgmt 56-199] Attempt to get parsing info during refresh. "On-the-fly" syntax checking information may be incorrect. [C:\Users\Administrator\git\de1-project\UART\UART\UART.srcs\sources_1\new\serialiser.vhd:]
ERROR: [Common 17-180] Spawn failed: No error
close_sim
INFO: [Simtcl 6-16] Simulation closed
launch_simulation
Command: launch_simulation 
INFO: [Vivado 12-5682] Launching behavioral simulation in 'C:/Users/Administrator/git/de1-project/UART/UART/UART.sim/sim_1/behav/xsim'
INFO: [SIM-utils-51] Simulation object is 'sim_1'
INFO: [SIM-utils-54] Inspecting design source files for 'tb_serialiser' in fileset 'sim_1'...
INFO: [USF-XSim-97] Finding global include files...
INFO: [USF-XSim-98] Fetching design files from 'sim_1'...
INFO: [USF-XSim-2] XSim::Compile design
INFO: [USF-XSim-61] Executing 'COMPILE and ANALYZE' step in 'C:/Users/Administrator/git/de1-project/UART/UART/UART.sim/sim_1/behav/xsim'
"xvhdl --incr --relax -prj tb_serialiser_vhdl.prj"
INFO: [VRFC 10-163] Analyzing VHDL file "C:/Users/Administrator/git/de1-project/UART/UART/UART.srcs/sim_1/new/tb_serialiser.vhd" into library xil_defaultlib
INFO: [VRFC 10-3107] analyzing entity 'tb_serialiser'
INFO: [USF-XSim-69] 'compile' step finished in '2' seconds
INFO: [USF-XSim-3] XSim::Elaborate design
INFO: [USF-XSim-61] Executing 'ELABORATE' step in 'C:/Users/Administrator/git/de1-project/UART/UART/UART.sim/sim_1/behav/xsim'
"xelab -wto da1b61fb28934d83b209aa1767bcf3d2 --incr --debug typical --relax --mt 2 -L xil_defaultlib -L secureip --snapshot tb_serialiser_behav xil_defaultlib.tb_serialiser -log elaborate.log"
Vivado Simulator 2020.2
Copyright 1986-1999, 2001-2020 Xilinx, Inc. All Rights Reserved.
Running: C:/Xilinx/Vivado/2020.2/bin/unwrapped/win64.o/xelab.exe -wto da1b61fb28934d83b209aa1767bcf3d2 --incr --debug typical --relax --mt 2 -L xil_defaultlib -L secureip --snapshot tb_serialiser_behav xil_defaultlib.tb_serialiser -log elaborate.log 
Using 2 slave threads.
Starting static elaboration
Completed static elaboration
Starting simulation data flow analysis
Completed simulation data flow analysis
Time Resolution for simulation is 1ps
Compiling package std.standard
Compiling package std.textio
Compiling package ieee.std_logic_1164
Compiling package ieee.numeric_std
Compiling architecture behavioral of entity xil_defaultlib.serialiser [serialiser_default]
Compiling architecture behavioral of entity xil_defaultlib.cnt_up_down [\cnt_up_down(g_cnt_width=3)\]
Compiling architecture behavioral of entity xil_defaultlib.tb_serialiser
Built simulation snapshot tb_serialiser_behav
INFO: [USF-XSim-69] 'elaborate' step finished in '1' seconds
INFO: [USF-XSim-4] XSim::Simulate design
INFO: [USF-XSim-61] Executing 'SIMULATE' step in 'C:/Users/Administrator/git/de1-project/UART/UART/UART.sim/sim_1/behav/xsim'
INFO: [USF-XSim-98] *** Running xsim
   with args "tb_serialiser_behav -key {Behavioral:sim_1:Functional:tb_serialiser} -tclbatch {tb_serialiser.tcl} -log {simulate.log}"
INFO: [USF-XSim-8] Loading simulator feature
Vivado Simulator 2020.2
Time resolution is 1 ps
source tb_serialiser.tcl
# set curr_wave [current_wave_config]
# if { [string length $curr_wave] == 0 } {
#   if { [llength [get_objects]] > 0} {
#     add_wave /
#     set_property needs_save false [current_wave_config]
#   } else {
#      send_msg_id Add_Wave-1 WARNING "No top level signals found. Simulator will start without a wave window. If you want to open a wave window go to 'File->New Waveform Configuration' or type 'create_wave_config' in the TCL console."
#   }
# }
# run 10ms
Note: Stimulus process started
Time: 0 ps  Iteration: 0  Process: /tb_serialiser/p_stimulus  File: C:/Users/Administrator/git/de1-project/UART/UART/UART.srcs/sim_1/new/tb_serialiser.vhd
Note: Stimulus process finished
Time: 0 ps  Iteration: 0  Process: /tb_serialiser/p_stimulus  File: C:/Users/Administrator/git/de1-project/UART/UART/UART.srcs/sim_1/new/tb_serialiser.vhd
INFO: [USF-XSim-96] XSim completed. Design snapshot 'tb_serialiser_behav' loaded.
INFO: [USF-XSim-97] XSim simulation ran for 10ms
launch_simulation: Time (s): cpu = 00:00:04 ; elapsed = 00:00:07 . Memory (MB): peak = 999.609 ; gain = 0.000
close_sim
INFO: [Simtcl 6-16] Simulation closed
launch_simulation
Command: launch_simulation 
INFO: [Vivado 12-5682] Launching behavioral simulation in 'C:/Users/Administrator/git/de1-project/UART/UART/UART.sim/sim_1/behav/xsim'
INFO: [SIM-utils-51] Simulation object is 'sim_1'
INFO: [SIM-utils-54] Inspecting design source files for 'tb_serialiser' in fileset 'sim_1'...
INFO: [USF-XSim-97] Finding global include files...
INFO: [USF-XSim-98] Fetching design files from 'sim_1'...
INFO: [USF-XSim-2] XSim::Compile design
INFO: [USF-XSim-61] Executing 'COMPILE and ANALYZE' step in 'C:/Users/Administrator/git/de1-project/UART/UART/UART.sim/sim_1/behav/xsim'
"xvhdl --incr --relax -prj tb_serialiser_vhdl.prj"
INFO: [VRFC 10-163] Analyzing VHDL file "C:/Users/Administrator/git/de1-project/UART/UART/UART.srcs/sim_1/new/tb_serialiser.vhd" into library xil_defaultlib
INFO: [VRFC 10-3107] analyzing entity 'tb_serialiser'
INFO: [USF-XSim-69] 'compile' step finished in '1' seconds
INFO: [USF-XSim-3] XSim::Elaborate design
INFO: [USF-XSim-61] Executing 'ELABORATE' step in 'C:/Users/Administrator/git/de1-project/UART/UART/UART.sim/sim_1/behav/xsim'
"xelab -wto da1b61fb28934d83b209aa1767bcf3d2 --incr --debug typical --relax --mt 2 -L xil_defaultlib -L secureip --snapshot tb_serialiser_behav xil_defaultlib.tb_serialiser -log elaborate.log"
Vivado Simulator 2020.2
Copyright 1986-1999, 2001-2020 Xilinx, Inc. All Rights Reserved.
Running: C:/Xilinx/Vivado/2020.2/bin/unwrapped/win64.o/xelab.exe -wto da1b61fb28934d83b209aa1767bcf3d2 --incr --debug typical --relax --mt 2 -L xil_defaultlib -L secureip --snapshot tb_serialiser_behav xil_defaultlib.tb_serialiser -log elaborate.log 
Using 2 slave threads.
Starting static elaboration
Completed static elaboration
Starting simulation data flow analysis
Completed simulation data flow analysis
Time Resolution for simulation is 1ps
Compiling package std.standard
Compiling package std.textio
Compiling package ieee.std_logic_1164
Compiling package ieee.numeric_std
Compiling architecture behavioral of entity xil_defaultlib.serialiser [serialiser_default]
Compiling architecture behavioral of entity xil_defaultlib.cnt_up_down [\cnt_up_down(g_cnt_width=3)\]
Compiling architecture behavioral of entity xil_defaultlib.tb_serialiser
Built simulation snapshot tb_serialiser_behav
INFO: [USF-XSim-69] 'elaborate' step finished in '1' seconds
INFO: [USF-XSim-4] XSim::Simulate design
INFO: [USF-XSim-61] Executing 'SIMULATE' step in 'C:/Users/Administrator/git/de1-project/UART/UART/UART.sim/sim_1/behav/xsim'
INFO: [USF-XSim-98] *** Running xsim
   with args "tb_serialiser_behav -key {Behavioral:sim_1:Functional:tb_serialiser} -tclbatch {tb_serialiser.tcl} -log {simulate.log}"
INFO: [USF-XSim-8] Loading simulator feature
Vivado Simulator 2020.2
Time resolution is 1 ps
source tb_serialiser.tcl
# set curr_wave [current_wave_config]
# if { [string length $curr_wave] == 0 } {
#   if { [llength [get_objects]] > 0} {
#     add_wave /
#     set_property needs_save false [current_wave_config]
#   } else {
#      send_msg_id Add_Wave-1 WARNING "No top level signals found. Simulator will start without a wave window. If you want to open a wave window go to 'File->New Waveform Configuration' or type 'create_wave_config' in the TCL console."
#   }
# }
# run 10ms
Note: Stimulus process started
Time: 0 ps  Iteration: 0  Process: /tb_serialiser/p_stimulus  File: C:/Users/Administrator/git/de1-project/UART/UART/UART.srcs/sim_1/new/tb_serialiser.vhd
Note: Stimulus process finished
Time: 0 ps  Iteration: 0  Process: /tb_serialiser/p_stimulus  File: C:/Users/Administrator/git/de1-project/UART/UART/UART.srcs/sim_1/new/tb_serialiser.vhd
ERROR: Index -4 out of bound 7 downto 0
Time: 45 ns  Iteration: 3  Process: /tb_serialiser/uut_serialiser/p_serialise
  File: C:/Users/Administrator/git/de1-project/UART/UART/UART.srcs/sources_1/new/serialiser.vhd

HDL Line: C:/Users/Administrator/git/de1-project/UART/UART/UART.srcs/sources_1/new/serialiser.vhd:56
INFO: [USF-XSim-96] XSim completed. Design snapshot 'tb_serialiser_behav' loaded.
INFO: [USF-XSim-97] XSim simulation ran for 10ms
add_bp {C:/Users/Administrator/git/de1-project/UART/UART/UART.srcs/sources_1/new/serialiser.vhd} 56
remove_bps -file {C:/Users/Administrator/git/de1-project/UART/UART/UART.srcs/sources_1/new/serialiser.vhd} -line 56
close_sim
INFO: [Simtcl 6-16] Simulation closed
launch_simulation
Command: launch_simulation 
INFO: [Vivado 12-5682] Launching behavioral simulation in 'C:/Users/Administrator/git/de1-project/UART/UART/UART.sim/sim_1/behav/xsim'
INFO: [SIM-utils-51] Simulation object is 'sim_1'
INFO: [SIM-utils-54] Inspecting design source files for 'tb_serialiser' in fileset 'sim_1'...
INFO: [USF-XSim-97] Finding global include files...
INFO: [USF-XSim-98] Fetching design files from 'sim_1'...
INFO: [USF-XSim-2] XSim::Compile design
INFO: [USF-XSim-61] Executing 'COMPILE and ANALYZE' step in 'C:/Users/Administrator/git/de1-project/UART/UART/UART.sim/sim_1/behav/xsim'
"xvhdl --incr --relax -prj tb_serialiser_vhdl.prj"
INFO: [VRFC 10-163] Analyzing VHDL file "C:/Users/Administrator/git/de1-project/UART/UART/UART.srcs/sources_1/new/serialiser.vhd" into library xil_defaultlib
INFO: [VRFC 10-3107] analyzing entity 'serialiser'
INFO: [VRFC 10-163] Analyzing VHDL file "C:/Users/Administrator/git/de1-project/UART/UART/UART.srcs/sim_1/new/tb_serialiser.vhd" into library xil_defaultlib
INFO: [VRFC 10-3107] analyzing entity 'tb_serialiser'
INFO: [USF-XSim-69] 'compile' step finished in '1' seconds
INFO: [USF-XSim-3] XSim::Elaborate design
INFO: [USF-XSim-61] Executing 'ELABORATE' step in 'C:/Users/Administrator/git/de1-project/UART/UART/UART.sim/sim_1/behav/xsim'
"xelab -wto da1b61fb28934d83b209aa1767bcf3d2 --incr --debug typical --relax --mt 2 -L xil_defaultlib -L secureip --snapshot tb_serialiser_behav xil_defaultlib.tb_serialiser -log elaborate.log"
Vivado Simulator 2020.2
Copyright 1986-1999, 2001-2020 Xilinx, Inc. All Rights Reserved.
Running: C:/Xilinx/Vivado/2020.2/bin/unwrapped/win64.o/xelab.exe -wto da1b61fb28934d83b209aa1767bcf3d2 --incr --debug typical --relax --mt 2 -L xil_defaultlib -L secureip --snapshot tb_serialiser_behav xil_defaultlib.tb_serialiser -log elaborate.log 
Using 2 slave threads.
Starting static elaboration
Completed static elaboration
Starting simulation data flow analysis
Completed simulation data flow analysis
Time Resolution for simulation is 1ps
Compiling package std.standard
Compiling package std.textio
Compiling package ieee.std_logic_1164
Compiling package ieee.numeric_std
Compiling architecture behavioral of entity xil_defaultlib.serialiser [serialiser_default]
Compiling architecture behavioral of entity xil_defaultlib.cnt_up_down [\cnt_up_down(g_cnt_width=3)\]
Compiling architecture behavioral of entity xil_defaultlib.tb_serialiser
Built simulation snapshot tb_serialiser_behav
INFO: [USF-XSim-69] 'elaborate' step finished in '2' seconds
INFO: [USF-XSim-4] XSim::Simulate design
INFO: [USF-XSim-61] Executing 'SIMULATE' step in 'C:/Users/Administrator/git/de1-project/UART/UART/UART.sim/sim_1/behav/xsim'
INFO: [USF-XSim-98] *** Running xsim
   with args "tb_serialiser_behav -key {Behavioral:sim_1:Functional:tb_serialiser} -tclbatch {tb_serialiser.tcl} -log {simulate.log}"
INFO: [USF-XSim-8] Loading simulator feature
Vivado Simulator 2020.2
Time resolution is 1 ps
source tb_serialiser.tcl
# set curr_wave [current_wave_config]
# if { [string length $curr_wave] == 0 } {
#   if { [llength [get_objects]] > 0} {
#     add_wave /
#     set_property needs_save false [current_wave_config]
#   } else {
#      send_msg_id Add_Wave-1 WARNING "No top level signals found. Simulator will start without a wave window. If you want to open a wave window go to 'File->New Waveform Configuration' or type 'create_wave_config' in the TCL console."
#   }
# }
# run 10ms
Note: Stimulus process started
Time: 0 ps  Iteration: 0  Process: /tb_serialiser/p_stimulus  File: C:/Users/Administrator/git/de1-project/UART/UART/UART.srcs/sim_1/new/tb_serialiser.vhd
Note: Stimulus process finished
Time: 0 ps  Iteration: 0  Process: /tb_serialiser/p_stimulus  File: C:/Users/Administrator/git/de1-project/UART/UART/UART.srcs/sim_1/new/tb_serialiser.vhd
ERROR: Index -4 out of bound 7 downto 0
Time: 45 ns  Iteration: 3  Process: /tb_serialiser/uut_serialiser/p_serialise
  File: C:/Users/Administrator/git/de1-project/UART/UART/UART.srcs/sources_1/new/serialiser.vhd

HDL Line: C:/Users/Administrator/git/de1-project/UART/UART/UART.srcs/sources_1/new/serialiser.vhd:56
INFO: [USF-XSim-96] XSim completed. Design snapshot 'tb_serialiser_behav' loaded.
INFO: [USF-XSim-97] XSim simulation ran for 10ms
launch_simulation: Time (s): cpu = 00:00:02 ; elapsed = 00:00:06 . Memory (MB): peak = 999.609 ; gain = 0.000
close_sim
INFO: [Simtcl 6-16] Simulation closed
launch_simulation
Command: launch_simulation 
INFO: [Vivado 12-5682] Launching behavioral simulation in 'C:/Users/Administrator/git/de1-project/UART/UART/UART.sim/sim_1/behav/xsim'
INFO: [SIM-utils-51] Simulation object is 'sim_1'
INFO: [SIM-utils-54] Inspecting design source files for 'tb_serialiser' in fileset 'sim_1'...
INFO: [USF-XSim-97] Finding global include files...
INFO: [USF-XSim-98] Fetching design files from 'sim_1'...
INFO: [USF-XSim-2] XSim::Compile design
INFO: [USF-XSim-61] Executing 'COMPILE and ANALYZE' step in 'C:/Users/Administrator/git/de1-project/UART/UART/UART.sim/sim_1/behav/xsim'
"xvhdl --incr --relax -prj tb_serialiser_vhdl.prj"
INFO: [VRFC 10-163] Analyzing VHDL file "C:/Users/Administrator/git/de1-project/UART/UART/UART.srcs/sim_1/new/tb_serialiser.vhd" into library xil_defaultlib
INFO: [VRFC 10-3107] analyzing entity 'tb_serialiser'
INFO: [USF-XSim-69] 'compile' step finished in '2' seconds
INFO: [USF-XSim-3] XSim::Elaborate design
INFO: [USF-XSim-61] Executing 'ELABORATE' step in 'C:/Users/Administrator/git/de1-project/UART/UART/UART.sim/sim_1/behav/xsim'
"xelab -wto da1b61fb28934d83b209aa1767bcf3d2 --incr --debug typical --relax --mt 2 -L xil_defaultlib -L secureip --snapshot tb_serialiser_behav xil_defaultlib.tb_serialiser -log elaborate.log"
Vivado Simulator 2020.2
Copyright 1986-1999, 2001-2020 Xilinx, Inc. All Rights Reserved.
Running: C:/Xilinx/Vivado/2020.2/bin/unwrapped/win64.o/xelab.exe -wto da1b61fb28934d83b209aa1767bcf3d2 --incr --debug typical --relax --mt 2 -L xil_defaultlib -L secureip --snapshot tb_serialiser_behav xil_defaultlib.tb_serialiser -log elaborate.log 
Using 2 slave threads.
Starting static elaboration
Completed static elaboration
Starting simulation data flow analysis
Completed simulation data flow analysis
Time Resolution for simulation is 1ps
Compiling package std.standard
Compiling package std.textio
Compiling package ieee.std_logic_1164
Compiling package ieee.numeric_std
Compiling architecture behavioral of entity xil_defaultlib.serialiser [serialiser_default]
Compiling architecture behavioral of entity xil_defaultlib.cnt_up_down [\cnt_up_down(g_cnt_width=3)\]
Compiling architecture behavioral of entity xil_defaultlib.tb_serialiser
Built simulation snapshot tb_serialiser_behav
INFO: [USF-XSim-69] 'elaborate' step finished in '1' seconds
INFO: [USF-XSim-4] XSim::Simulate design
INFO: [USF-XSim-61] Executing 'SIMULATE' step in 'C:/Users/Administrator/git/de1-project/UART/UART/UART.sim/sim_1/behav/xsim'
INFO: [USF-XSim-98] *** Running xsim
   with args "tb_serialiser_behav -key {Behavioral:sim_1:Functional:tb_serialiser} -tclbatch {tb_serialiser.tcl} -log {simulate.log}"
INFO: [USF-XSim-8] Loading simulator feature
Vivado Simulator 2020.2
Time resolution is 1 ps
source tb_serialiser.tcl
# set curr_wave [current_wave_config]
# if { [string length $curr_wave] == 0 } {
#   if { [llength [get_objects]] > 0} {
#     add_wave /
#     set_property needs_save false [current_wave_config]
#   } else {
#      send_msg_id Add_Wave-1 WARNING "No top level signals found. Simulator will start without a wave window. If you want to open a wave window go to 'File->New Waveform Configuration' or type 'create_wave_config' in the TCL console."
#   }
# }
# run 10ms
Note: Stimulus process started
Time: 0 ps  Iteration: 0  Process: /tb_serialiser/p_stimulus  File: C:/Users/Administrator/git/de1-project/UART/UART/UART.srcs/sim_1/new/tb_serialiser.vhd
Note: Stimulus process finished
Time: 0 ps  Iteration: 0  Process: /tb_serialiser/p_stimulus  File: C:/Users/Administrator/git/de1-project/UART/UART/UART.srcs/sim_1/new/tb_serialiser.vhd
ERROR: Index -4 out of bound 7 downto 0
Time: 45 ns  Iteration: 3  Process: /tb_serialiser/uut_serialiser/p_serialise
  File: C:/Users/Administrator/git/de1-project/UART/UART/UART.srcs/sources_1/new/serialiser.vhd

HDL Line: C:/Users/Administrator/git/de1-project/UART/UART/UART.srcs/sources_1/new/serialiser.vhd:56
INFO: [USF-XSim-96] XSim completed. Design snapshot 'tb_serialiser_behav' loaded.
INFO: [USF-XSim-97] XSim simulation ran for 10ms
set_property -name {xsim.simulate.runtime} -value {1ms} -objects [get_filesets sim_1]
close_sim
INFO: [Simtcl 6-16] Simulation closed
launch_simulation
Command: launch_simulation 
INFO: [Vivado 12-5682] Launching behavioral simulation in 'C:/Users/Administrator/git/de1-project/UART/UART/UART.sim/sim_1/behav/xsim'
INFO: [SIM-utils-51] Simulation object is 'sim_1'
INFO: [SIM-utils-54] Inspecting design source files for 'tb_serialiser' in fileset 'sim_1'...
INFO: [USF-XSim-97] Finding global include files...
INFO: [USF-XSim-98] Fetching design files from 'sim_1'...
INFO: [USF-XSim-2] XSim::Compile design
INFO: [USF-XSim-61] Executing 'COMPILE and ANALYZE' step in 'C:/Users/Administrator/git/de1-project/UART/UART/UART.sim/sim_1/behav/xsim'
"xvhdl --incr --relax -prj tb_serialiser_vhdl.prj"
INFO: [USF-XSim-69] 'compile' step finished in '1' seconds
INFO: [USF-XSim-3] XSim::Elaborate design
INFO: [USF-XSim-61] Executing 'ELABORATE' step in 'C:/Users/Administrator/git/de1-project/UART/UART/UART.sim/sim_1/behav/xsim'
"xelab -wto da1b61fb28934d83b209aa1767bcf3d2 --incr --debug typical --relax --mt 2 -L xil_defaultlib -L secureip --snapshot tb_serialiser_behav xil_defaultlib.tb_serialiser -log elaborate.log"
Vivado Simulator 2020.2
Copyright 1986-1999, 2001-2020 Xilinx, Inc. All Rights Reserved.
Running: C:/Xilinx/Vivado/2020.2/bin/unwrapped/win64.o/xelab.exe -wto da1b61fb28934d83b209aa1767bcf3d2 --incr --debug typical --relax --mt 2 -L xil_defaultlib -L secureip --snapshot tb_serialiser_behav xil_defaultlib.tb_serialiser -log elaborate.log 
Using 2 slave threads.
Starting static elaboration
Completed static elaboration
INFO: [XSIM 43-4323] No Change in HDL. Linking previously generated obj files to create kernel
INFO: [USF-XSim-69] 'elaborate' step finished in '1' seconds
INFO: [USF-XSim-4] XSim::Simulate design
INFO: [USF-XSim-61] Executing 'SIMULATE' step in 'C:/Users/Administrator/git/de1-project/UART/UART/UART.sim/sim_1/behav/xsim'
INFO: [USF-XSim-98] *** Running xsim
   with args "tb_serialiser_behav -key {Behavioral:sim_1:Functional:tb_serialiser} -tclbatch {tb_serialiser.tcl} -log {simulate.log}"
INFO: [USF-XSim-8] Loading simulator feature
Vivado Simulator 2020.2
Time resolution is 1 ps
source tb_serialiser.tcl
# set curr_wave [current_wave_config]
# if { [string length $curr_wave] == 0 } {
#   if { [llength [get_objects]] > 0} {
#     add_wave /
#     set_property needs_save false [current_wave_config]
#   } else {
#      send_msg_id Add_Wave-1 WARNING "No top level signals found. Simulator will start without a wave window. If you want to open a wave window go to 'File->New Waveform Configuration' or type 'create_wave_config' in the TCL console."
#   }
# }
# run 1ms
Note: Stimulus process started
Time: 0 ps  Iteration: 0  Process: /tb_serialiser/p_stimulus  File: C:/Users/Administrator/git/de1-project/UART/UART/UART.srcs/sim_1/new/tb_serialiser.vhd
Note: Stimulus process finished
Time: 0 ps  Iteration: 0  Process: /tb_serialiser/p_stimulus  File: C:/Users/Administrator/git/de1-project/UART/UART/UART.srcs/sim_1/new/tb_serialiser.vhd
ERROR: Index -4 out of bound 7 downto 0
Time: 45 ns  Iteration: 3  Process: /tb_serialiser/uut_serialiser/p_serialise
  File: C:/Users/Administrator/git/de1-project/UART/UART/UART.srcs/sources_1/new/serialiser.vhd

HDL Line: C:/Users/Administrator/git/de1-project/UART/UART/UART.srcs/sources_1/new/serialiser.vhd:56
INFO: [USF-XSim-96] XSim completed. Design snapshot 'tb_serialiser_behav' loaded.
INFO: [USF-XSim-97] XSim simulation ran for 1ms
close_sim
INFO: [Simtcl 6-16] Simulation closed
launch_simulation
Command: launch_simulation 
INFO: [Vivado 12-5682] Launching behavioral simulation in 'C:/Users/Administrator/git/de1-project/UART/UART/UART.sim/sim_1/behav/xsim'
INFO: [SIM-utils-51] Simulation object is 'sim_1'
INFO: [SIM-utils-54] Inspecting design source files for 'tb_serialiser' in fileset 'sim_1'...
INFO: [USF-XSim-97] Finding global include files...
INFO: [USF-XSim-98] Fetching design files from 'sim_1'...
INFO: [USF-XSim-2] XSim::Compile design
INFO: [USF-XSim-61] Executing 'COMPILE and ANALYZE' step in 'C:/Users/Administrator/git/de1-project/UART/UART/UART.sim/sim_1/behav/xsim'
"xvhdl --incr --relax -prj tb_serialiser_vhdl.prj"
INFO: [VRFC 10-163] Analyzing VHDL file "C:/Users/Administrator/git/de1-project/UART/UART/UART.srcs/sim_1/new/tb_serialiser.vhd" into library xil_defaultlib
INFO: [VRFC 10-3107] analyzing entity 'tb_serialiser'
INFO: [USF-XSim-69] 'compile' step finished in '2' seconds
INFO: [USF-XSim-3] XSim::Elaborate design
INFO: [USF-XSim-61] Executing 'ELABORATE' step in 'C:/Users/Administrator/git/de1-project/UART/UART/UART.sim/sim_1/behav/xsim'
"xelab -wto da1b61fb28934d83b209aa1767bcf3d2 --incr --debug typical --relax --mt 2 -L xil_defaultlib -L secureip --snapshot tb_serialiser_behav xil_defaultlib.tb_serialiser -log elaborate.log"
Vivado Simulator 2020.2
Copyright 1986-1999, 2001-2020 Xilinx, Inc. All Rights Reserved.
Running: C:/Xilinx/Vivado/2020.2/bin/unwrapped/win64.o/xelab.exe -wto da1b61fb28934d83b209aa1767bcf3d2 --incr --debug typical --relax --mt 2 -L xil_defaultlib -L secureip --snapshot tb_serialiser_behav xil_defaultlib.tb_serialiser -log elaborate.log 
Using 2 slave threads.
Starting static elaboration
Completed static elaboration
Starting simulation data flow analysis
Completed simulation data flow analysis
Time Resolution for simulation is 1ps
Compiling package std.standard
Compiling package std.textio
Compiling package ieee.std_logic_1164
Compiling package ieee.numeric_std
Compiling architecture behavioral of entity xil_defaultlib.serialiser [serialiser_default]
Compiling architecture behavioral of entity xil_defaultlib.cnt_up_down [\cnt_up_down(g_cnt_width=3)\]
Compiling architecture behavioral of entity xil_defaultlib.tb_serialiser
Built simulation snapshot tb_serialiser_behav
INFO: [USF-XSim-69] 'elaborate' step finished in '1' seconds
INFO: [USF-XSim-4] XSim::Simulate design
INFO: [USF-XSim-61] Executing 'SIMULATE' step in 'C:/Users/Administrator/git/de1-project/UART/UART/UART.sim/sim_1/behav/xsim'
INFO: [USF-XSim-98] *** Running xsim
   with args "tb_serialiser_behav -key {Behavioral:sim_1:Functional:tb_serialiser} -tclbatch {tb_serialiser.tcl} -log {simulate.log}"
INFO: [USF-XSim-8] Loading simulator feature
Vivado Simulator 2020.2
Time resolution is 1 ps
source tb_serialiser.tcl
# set curr_wave [current_wave_config]
# if { [string length $curr_wave] == 0 } {
#   if { [llength [get_objects]] > 0} {
#     add_wave /
#     set_property needs_save false [current_wave_config]
#   } else {
#      send_msg_id Add_Wave-1 WARNING "No top level signals found. Simulator will start without a wave window. If you want to open a wave window go to 'File->New Waveform Configuration' or type 'create_wave_config' in the TCL console."
#   }
# }
# run 1ms
Note: Stimulus process started
Time: 0 ps  Iteration: 0  Process: /tb_serialiser/p_stimulus  File: C:/Users/Administrator/git/de1-project/UART/UART/UART.srcs/sim_1/new/tb_serialiser.vhd
Note: Stimulus process finished
Time: 0 ps  Iteration: 0  Process: /tb_serialiser/p_stimulus  File: C:/Users/Administrator/git/de1-project/UART/UART/UART.srcs/sim_1/new/tb_serialiser.vhd
ERROR: Index -4 out of bound 7 downto 0
Time: 45 ns  Iteration: 3  Process: /tb_serialiser/uut_serialiser/p_serialise
  File: C:/Users/Administrator/git/de1-project/UART/UART/UART.srcs/sources_1/new/serialiser.vhd

HDL Line: C:/Users/Administrator/git/de1-project/UART/UART/UART.srcs/sources_1/new/serialiser.vhd:56
INFO: [USF-XSim-96] XSim completed. Design snapshot 'tb_serialiser_behav' loaded.
INFO: [USF-XSim-97] XSim simulation ran for 1ms
close_sim
INFO: [Simtcl 6-16] Simulation closed
exit
INFO: [Common 17-206] Exiting Vivado at Mon Apr 10 22:43:32 2023...
