#-----------------------------------------------------------
# Vivado v2020.2 (64-bit)
# SW Build 3064766 on Wed Nov 18 09:12:45 MST 2020
# IP Build 3064653 on Wed Nov 18 14:17:31 MST 2020
# Start of session at: Sat Apr 15 11:47:05 2023
# Process ID: 10860
# Current directory: C:/Users/Administrator/Desktop/de1-project/UART/UART
# Command line: vivado.exe -gui_launcher_event rodinguilauncherevent8440 C:\Users\Administrator\Desktop\de1-project\UART\UART\UART.xpr
# Log file: C:/Users/Administrator/Desktop/de1-project/UART/UART/vivado.log
# Journal file: C:/Users/Administrator/Desktop/de1-project/UART/UART\vivado.jou
#-----------------------------------------------------------
start_gui
open_project C:/Users/Administrator/Desktop/de1-project/UART/UART/UART.xpr
WARNING: [filemgmt 56-3] Default IP Output Path : Could not find the directory 'C:/Users/Administrator/Desktop/de1-project/UART/UART/UART.gen/sources_1'.
Scanning sources...
Finished scanning sources
INFO: [IP_Flow 19-234] Refreshing IP repositories
INFO: [IP_Flow 19-1704] No user IP repositories specified
INFO: [IP_Flow 19-2313] Loaded Vivado IP repository 'H:/Xilinx/Vivado/2020.2/data/ip'.
open_project: Time (s): cpu = 00:00:12 ; elapsed = 00:00:14 . Memory (MB): peak = 1180.859 ; gain = 0.000
update_compile_order -fileset sources_1
exit
INFO: [Common 17-206] Exiting Vivado at Sat Apr 15 13:58:05 2023...
