#-----------------------------------------------------------
# Vivado v2020.2 (64-bit)
# SW Build 3064766 on Wed Nov 18 09:12:45 MST 2020
# IP Build 3064653 on Wed Nov 18 14:17:31 MST 2020
# Start of session at: Tue Apr 25 20:02:55 2023
# Process ID: 10740
# Current directory: C:/Users/Administrator/git/de1-project/UART/UART
# Command line: vivado.exe -gui_launcher_event rodinguilauncherevent23828 C:\Users\Administrator\git\de1-project\UART\UART\UART.xpr
# Log file: C:/Users/Administrator/git/de1-project/UART/UART/vivado.log
# Journal file: C:/Users/Administrator/git/de1-project/UART/UART\vivado.jou
#-----------------------------------------------------------
start_gui
open_project C:/Users/Administrator/git/de1-project/UART/UART/UART.xpr
WARNING: [filemgmt 56-3] Default IP Output Path : Could not find the directory 'C:/Users/Administrator/git/de1-project/UART/UART/UART.gen/sources_1'.
CRITICAL WARNING: [Project 1-19] Could not find the file 'C:/Users/Administrator/git/de1-project/UART/UART/UART.srcs/sources_1/new/serialiser.vhd'.
Scanning sources...
Finished scanning sources
INFO: [IP_Flow 19-234] Refreshing IP repositories
INFO: [IP_Flow 19-1704] No user IP repositories specified
INFO: [IP_Flow 19-2313] Loaded Vivado IP repository 'C:/Xilinx/Vivado/2020.2/data/ip'.
update_compile_order -fileset sources_1
reset_run synth_1
launch_runs synth_1 -jobs 8
[Tue Apr 25 20:04:04 2023] Launched synth_1...
Run output will be captured here: C:/Users/Administrator/git/de1-project/UART/UART/UART.runs/synth_1/runme.log
launch_runs impl_1 -jobs 8
[Tue Apr 25 20:07:42 2023] Launched impl_1...
Run output will be captured here: C:/Users/Administrator/git/de1-project/UART/UART/UART.runs/impl_1/runme.log
launch_runs impl_1 -to_step write_bitstream -jobs 8
[Tue Apr 25 20:09:46 2023] Launched impl_1...
Run output will be captured here: C:/Users/Administrator/git/de1-project/UART/UART/UART.runs/impl_1/runme.log
update_compile_order -fileset sources_1
update_compile_order -fileset sources_1
update_compile_order -fileset sources_1
reset_run synth_1
launch_runs synth_1 -jobs 8
[Tue Apr 25 20:16:00 2023] Launched synth_1...
Run output will be captured here: C:/Users/Administrator/git/de1-project/UART/UART/UART.runs/synth_1/runme.log
reset_run synth_1
launch_runs synth_1 -jobs 8
[Tue Apr 25 20:17:17 2023] Launched synth_1...
Run output will be captured here: C:/Users/Administrator/git/de1-project/UART/UART/UART.runs/synth_1/runme.log
launch_runs impl_1 -jobs 8
[Tue Apr 25 20:18:29 2023] Launched impl_1...
Run output will be captured here: C:/Users/Administrator/git/de1-project/UART/UART/UART.runs/impl_1/runme.log
launch_runs impl_1 -to_step write_bitstream -jobs 8
[Tue Apr 25 20:20:01 2023] Launched impl_1...
Run output will be captured here: C:/Users/Administrator/git/de1-project/UART/UART/UART.runs/impl_1/runme.log
exit
INFO: [Common 17-206] Exiting Vivado at Tue Apr 25 20:21:34 2023...
