#-----------------------------------------------------------
# Vivado v2020.2 (64-bit)
# SW Build 3064766 on Wed Nov 18 09:12:45 MST 2020
# IP Build 3064653 on Wed Nov 18 14:17:31 MST 2020
# Start of session at: Sun Apr 16 12:36:02 2023
# Process ID: 13308
# Current directory: C:/Users/Administrator/Desktop/de1-project/UART/UART
# Command line: vivado.exe -gui_launcher_event rodinguilauncherevent17436 C:\Users\Administrator\Desktop\de1-project\UART\UART\UART.xpr
# Log file: C:/Users/Administrator/Desktop/de1-project/UART/UART/vivado.log
# Journal file: C:/Users/Administrator/Desktop/de1-project/UART/UART\vivado.jou
#-----------------------------------------------------------
start_gui
open_project C:/Users/Administrator/Desktop/de1-project/UART/UART/UART.xpr
WARNING: [filemgmt 56-3] Default IP Output Path : Could not find the directory 'C:/Users/Administrator/Desktop/de1-project/UART/UART/UART.gen/sources_1'.
Scanning sources...
Finished scanning sources
INFO: [IP_Flow 19-234] Refreshing IP repositories
INFO: [IP_Flow 19-1704] No user IP repositories specified
INFO: [IP_Flow 19-2313] Loaded Vivado IP repository 'H:/Xilinx/Vivado/2020.2/data/ip'.
open_project: Time (s): cpu = 00:00:16 ; elapsed = 00:00:14 . Memory (MB): peak = 1176.637 ; gain = 0.000
update_compile_order -fileset sources_1
update_compile_order -fileset sources_1
update_compile_order -fileset sources_1
update_compile_order -fileset sources_1
set_property SOURCE_SET sources_1 [get_filesets sim_1]
close [ open C:/Users/Administrator/Desktop/de1-project/UART/UART/UART.srcs/sim_1/new/tb_transmitter.vhd w ]
add_files -fileset sim_1 C:/Users/Administrator/Desktop/de1-project/UART/UART/UART.srcs/sim_1/new/tb_transmitter.vhd
update_compile_order -fileset sim_1
launch_simulation
Command: launch_simulation 
INFO: [Vivado 12-5682] Launching behavioral simulation in 'C:/Users/Administrator/Desktop/de1-project/UART/UART/UART.sim/sim_1/behav/xsim'
INFO: [SIM-utils-51] Simulation object is 'sim_1'
INFO: [SIM-utils-54] Inspecting design source files for 'tb_receiver' in fileset 'sim_1'...
INFO: [USF-XSim-97] Finding global include files...
INFO: [USF-XSim-98] Fetching design files from 'sim_1'...
INFO: [USF-XSim-2] XSim::Compile design
INFO: [USF-XSim-61] Executing 'COMPILE and ANALYZE' step in 'C:/Users/Administrator/Desktop/de1-project/UART/UART/UART.sim/sim_1/behav/xsim'
"xvhdl --incr --relax -prj tb_receiver_vhdl.prj"
INFO: [USF-XSim-69] 'compile' step finished in '2' seconds
INFO: [USF-XSim-3] XSim::Elaborate design
INFO: [USF-XSim-61] Executing 'ELABORATE' step in 'C:/Users/Administrator/Desktop/de1-project/UART/UART/UART.sim/sim_1/behav/xsim'
"xelab -wto da1b61fb28934d83b209aa1767bcf3d2 --incr --debug typical --relax --mt 2 -L xil_defaultlib -L secureip --snapshot tb_receiver_behav xil_defaultlib.tb_receiver -log elaborate.log"
Vivado Simulator 2020.2
Copyright 1986-1999, 2001-2020 Xilinx, Inc. All Rights Reserved.
Running: H:/Xilinx/Vivado/2020.2/bin/unwrapped/win64.o/xelab.exe -wto da1b61fb28934d83b209aa1767bcf3d2 --incr --debug typical --relax --mt 2 -L xil_defaultlib -L secureip --snapshot tb_receiver_behav xil_defaultlib.tb_receiver -log elaborate.log 
Using 2 slave threads.
Starting static elaboration
Completed static elaboration
INFO: [XSIM 43-4323] No Change in HDL. Linking previously generated obj files to create kernel
INFO: [USF-XSim-69] 'elaborate' step finished in '3' seconds
INFO: [USF-XSim-4] XSim::Simulate design
INFO: [USF-XSim-61] Executing 'SIMULATE' step in 'C:/Users/Administrator/Desktop/de1-project/UART/UART/UART.sim/sim_1/behav/xsim'
INFO: [USF-XSim-98] *** Running xsim
   with args "tb_receiver_behav -key {Behavioral:sim_1:Functional:tb_receiver} -tclbatch {tb_receiver.tcl} -log {simulate.log}"
INFO: [USF-XSim-8] Loading simulator feature
Vivado Simulator 2020.2
Time resolution is 1 ps
source tb_receiver.tcl
# set curr_wave [current_wave_config]
# if { [string length $curr_wave] == 0 } {
#   if { [llength [get_objects]] > 0} {
#     add_wave /
#     set_property needs_save false [current_wave_config]
#   } else {
#      send_msg_id Add_Wave-1 WARNING "No top level signals found. Simulator will start without a wave window. If you want to open a wave window go to 'File->New Waveform Configuration' or type 'create_wave_config' in the TCL console."
#   }
# }
# run 500ns
Note: Stimulus process started
Time: 0 ps  Iteration: 0  Process: /tb_receiver/p_stimulus  File: C:/Users/Administrator/Desktop/de1-project/UART/UART/UART.srcs/sim_1/new/tb_receiver.vhd
INFO: [USF-XSim-96] XSim completed. Design snapshot 'tb_receiver_behav' loaded.
INFO: [USF-XSim-97] XSim simulation ran for 500ns
launch_simulation: Time (s): cpu = 00:00:05 ; elapsed = 00:00:09 . Memory (MB): peak = 1176.723 ; gain = 0.000
close_sim
INFO: [Simtcl 6-16] Simulation closed
launch_simulation
Command: launch_simulation 
INFO: [Vivado 12-5682] Launching behavioral simulation in 'C:/Users/Administrator/Desktop/de1-project/UART/UART/UART.sim/sim_1/behav/xsim'
INFO: [SIM-utils-51] Simulation object is 'sim_1'
INFO: [SIM-utils-54] Inspecting design source files for 'tb_receiver' in fileset 'sim_1'...
INFO: [USF-XSim-97] Finding global include files...
INFO: [USF-XSim-98] Fetching design files from 'sim_1'...
INFO: [USF-XSim-2] XSim::Compile design
INFO: [USF-XSim-61] Executing 'COMPILE and ANALYZE' step in 'C:/Users/Administrator/Desktop/de1-project/UART/UART/UART.sim/sim_1/behav/xsim'
"xvhdl --incr --relax -prj tb_receiver_vhdl.prj"
INFO: [USF-XSim-69] 'compile' step finished in '1' seconds
INFO: [USF-XSim-3] XSim::Elaborate design
INFO: [USF-XSim-61] Executing 'ELABORATE' step in 'C:/Users/Administrator/Desktop/de1-project/UART/UART/UART.sim/sim_1/behav/xsim'
"xelab -wto da1b61fb28934d83b209aa1767bcf3d2 --incr --debug typical --relax --mt 2 -L xil_defaultlib -L secureip --snapshot tb_receiver_behav xil_defaultlib.tb_receiver -log elaborate.log"
Vivado Simulator 2020.2
Copyright 1986-1999, 2001-2020 Xilinx, Inc. All Rights Reserved.
Running: H:/Xilinx/Vivado/2020.2/bin/unwrapped/win64.o/xelab.exe -wto da1b61fb28934d83b209aa1767bcf3d2 --incr --debug typical --relax --mt 2 -L xil_defaultlib -L secureip --snapshot tb_receiver_behav xil_defaultlib.tb_receiver -log elaborate.log 
Using 2 slave threads.
Starting static elaboration
Completed static elaboration
INFO: [XSIM 43-4323] No Change in HDL. Linking previously generated obj files to create kernel
INFO: [USF-XSim-69] 'elaborate' step finished in '1' seconds
INFO: [USF-XSim-4] XSim::Simulate design
INFO: [USF-XSim-61] Executing 'SIMULATE' step in 'C:/Users/Administrator/Desktop/de1-project/UART/UART/UART.sim/sim_1/behav/xsim'
INFO: [USF-XSim-98] *** Running xsim
   with args "tb_receiver_behav -key {Behavioral:sim_1:Functional:tb_receiver} -tclbatch {tb_receiver.tcl} -log {simulate.log}"
INFO: [USF-XSim-8] Loading simulator feature
Vivado Simulator 2020.2
Time resolution is 1 ps
source tb_receiver.tcl
# set curr_wave [current_wave_config]
# if { [string length $curr_wave] == 0 } {
#   if { [llength [get_objects]] > 0} {
#     add_wave /
#     set_property needs_save false [current_wave_config]
#   } else {
#      send_msg_id Add_Wave-1 WARNING "No top level signals found. Simulator will start without a wave window. If you want to open a wave window go to 'File->New Waveform Configuration' or type 'create_wave_config' in the TCL console."
#   }
# }
# run 500ns
Note: Stimulus process started
Time: 0 ps  Iteration: 0  Process: /tb_receiver/p_stimulus  File: C:/Users/Administrator/Desktop/de1-project/UART/UART/UART.srcs/sim_1/new/tb_receiver.vhd
INFO: [USF-XSim-96] XSim completed. Design snapshot 'tb_receiver_behav' loaded.
INFO: [USF-XSim-97] XSim simulation ran for 500ns
launch_simulation: Time (s): cpu = 00:00:03 ; elapsed = 00:00:06 . Memory (MB): peak = 1176.723 ; gain = 0.000
set_property top tb_transmitter [get_filesets sim_1]
set_property top_lib xil_defaultlib [get_filesets sim_1]
update_compile_order -fileset sim_1
launch_simulation
Command: launch_simulation 
boost::filesystem::remove: Proces nem· p¯Ìstup k souboru, neboù jej pr·vÏ vyuûÌv· jin˝ proces: "C:/Users/Administrator/Desktop/de1-project/UART/UART/UART.sim/sim_1/behav/xsim/simulate.log"
launch_simulation
Command: launch_simulation 
boost::filesystem::remove: Proces nem· p¯Ìstup k souboru, neboù jej pr·vÏ vyuûÌv· jin˝ proces: "C:/Users/Administrator/Desktop/de1-project/UART/UART/UART.sim/sim_1/behav/xsim/simulate.log"
close_sim
INFO: [Simtcl 6-16] Simulation closed
exit
INFO: [Common 17-206] Exiting Vivado at Sun Apr 16 13:06:38 2023...
